<?xml version="1.0" encoding="UTF-8"?>
<testng-results skipped="0" failed="0" ignored="0" total="1" passed="1">
  <reporter-output>
  </reporter-output>
  <suite name="Default suite" duration-ms="7209" started-at="2022-08-24T15:31:45 IST" finished-at="2022-08-24T15:31:52 IST">
    <groups>
    </groups>
    <test name="Default test" duration-ms="7209" started-at="2022-08-24T15:31:45 IST" finished-at="2022-08-24T15:31:52 IST">
      <class name="demoWebShopPOM.LoginCaseTest">
        <test-method status="PASS" signature="saetUpBrowser(java.lang.String)[pri:0, instance:demoWebShopPOM.LoginCaseTest@167fdd33]" name="saetUpBrowser" is-config="true" duration-ms="5692" started-at="2022-08-24T15:31:45 IST" finished-at="2022-08-24T15:31:51 IST">
          <params>
            <param index="0">
              <value>
                <![CDATA[chrome]]>
              </value>
            </param>
          </params>
          <reporter-output>
          </reporter-output>
        </test-method> <!-- saetUpBrowser -->
        <test-method status="PASS" signature="testCase1()[pri:0, instance:demoWebShopPOM.LoginCaseTest@167fdd33]" name="testCase1" duration-ms="757" started-at="2022-08-24T15:31:51 IST" finished-at="2022-08-24T15:31:52 IST">
          <reporter-output>
          </reporter-output>
        </test-method> <!-- testCase1 -->
        <test-method status="PASS" signature="browseerTearDown()[pri:0, instance:demoWebShopPOM.LoginCaseTest@167fdd33]" name="browseerTearDown" is-config="true" duration-ms="707" started-at="2022-08-24T15:31:52 IST" finished-at="2022-08-24T15:31:52 IST">
          <reporter-output>
          </reporter-output>
        </test-method> <!-- browseerTearDown -->
      </class> <!-- demoWebShopPOM.LoginCaseTest -->
    </test> <!-- Default test -->
  </suite> <!-- Default suite -->
</testng-results>
